{"C:\\Users\\ammar\\source\\repos\\deadslog\\src\\index.js": {"path":"C:\\Users\\ammar\\source\\repos\\deadslog\\src\\index.js","all":false,"statementMap":{"0":{"start":{"line":1,"column":0},"end":{"line":1,"column":3}},"1":{"start":{"line":2,"column":0},"end":{"line":2,"column":43}},"2":{"start":{"line":3,"column":0},"end":{"line":3,"column":112}},"3":{"start":{"line":4,"column":0},"end":{"line":4,"column":2}},"4":{"start":{"line":5,"column":0},"end":{"line":5,"column":19}},"5":{"start":{"line":6,"column":0},"end":{"line":6,"column":3}},"6":{"start":{"line":7,"column":0},"end":{"line":7,"column":0}},"7":{"start":{"line":8,"column":0},"end":{"line":8,"column":8}},"17":{"start":{"line":18,"column":0},"end":{"line":18,"column":21}},"18":{"start":{"line":19,"column":0},"end":{"line":19,"column":67}},"19":{"start":{"line":20,"column":0},"end":{"line":20,"column":58}},"20":{"start":{"line":21,"column":0},"end":{"line":21,"column":37}},"21":{"start":{"line":22,"column":0},"end":{"line":22,"column":8}},"28":{"start":{"line":29,"column":0},"end":{"line":29,"column":32}},"29":{"start":{"line":30,"column":0},"end":{"line":30,"column":0}},"30":{"start":{"line":31,"column":0},"end":{"line":31,"column":3}},"31":{"start":{"line":32,"column":0},"end":{"line":32,"column":47}},"32":{"start":{"line":33,"column":0},"end":{"line":33,"column":65}},"33":{"start":{"line":34,"column":0},"end":{"line":34,"column":68}},"34":{"start":{"line":35,"column":0},"end":{"line":35,"column":54}},"35":{"start":{"line":36,"column":0},"end":{"line":36,"column":3}},"36":{"start":{"line":37,"column":0},"end":{"line":37,"column":46}},"37":{"start":{"line":38,"column":0},"end":{"line":38,"column":26}},"38":{"start":{"line":39,"column":0},"end":{"line":39,"column":19}},"39":{"start":{"line":40,"column":0},"end":{"line":40,"column":76}},"40":{"start":{"line":41,"column":0},"end":{"line":41,"column":16}},"41":{"start":{"line":42,"column":0},"end":{"line":42,"column":8}},"42":{"start":{"line":43,"column":0},"end":{"line":43,"column":81}},"43":{"start":{"line":44,"column":0},"end":{"line":44,"column":18}},"44":{"start":{"line":45,"column":0},"end":{"line":45,"column":80}},"45":{"start":{"line":46,"column":0},"end":{"line":46,"column":4}},"46":{"start":{"line":47,"column":0},"end":{"line":47,"column":10}},"47":{"start":{"line":48,"column":0},"end":{"line":48,"column":75}},"48":{"start":{"line":49,"column":0},"end":{"line":49,"column":2}},"49":{"start":{"line":50,"column":0},"end":{"line":50,"column":2}},"50":{"start":{"line":51,"column":0},"end":{"line":51,"column":12}},"51":{"start":{"line":52,"column":0},"end":{"line":52,"column":3}},"52":{"start":{"line":53,"column":0},"end":{"line":53,"column":35}},"53":{"start":{"line":54,"column":0},"end":{"line":54,"column":21}},"54":{"start":{"line":55,"column":0},"end":{"line":55,"column":3}},"55":{"start":{"line":56,"column":0},"end":{"line":56,"column":30}},"56":{"start":{"line":57,"column":0},"end":{"line":57,"column":0}},"57":{"start":{"line":58,"column":0},"end":{"line":58,"column":3}},"58":{"start":{"line":59,"column":0},"end":{"line":59,"column":47}},"59":{"start":{"line":60,"column":0},"end":{"line":60,"column":23}},"60":{"start":{"line":61,"column":0},"end":{"line":61,"column":3}},"61":{"start":{"line":62,"column":0},"end":{"line":62,"column":52}},"62":{"start":{"line":63,"column":0},"end":{"line":63,"column":0}},"63":{"start":{"line":64,"column":0},"end":{"line":64,"column":3}},"64":{"start":{"line":65,"column":0},"end":{"line":65,"column":23}},"65":{"start":{"line":66,"column":0},"end":{"line":66,"column":23}},"66":{"start":{"line":67,"column":0},"end":{"line":67,"column":3}},"67":{"start":{"line":68,"column":0},"end":{"line":68,"column":20}},"68":{"start":{"line":69,"column":0},"end":{"line":69,"column":9}},"69":{"start":{"line":70,"column":0},"end":{"line":70,"column":9}},"70":{"start":{"line":71,"column":0},"end":{"line":71,"column":8}},"71":{"start":{"line":72,"column":0},"end":{"line":72,"column":11}},"72":{"start":{"line":73,"column":0},"end":{"line":73,"column":8}},"73":{"start":{"line":74,"column":0},"end":{"line":74,"column":9}},"74":{"start":{"line":75,"column":0},"end":{"line":75,"column":9}},"75":{"start":{"line":76,"column":0},"end":{"line":76,"column":2}},"76":{"start":{"line":77,"column":0},"end":{"line":77,"column":0}},"77":{"start":{"line":78,"column":0},"end":{"line":78,"column":3}},"78":{"start":{"line":79,"column":0},"end":{"line":79,"column":51}},"79":{"start":{"line":80,"column":0},"end":{"line":80,"column":44}},"80":{"start":{"line":81,"column":0},"end":{"line":81,"column":45}},"81":{"start":{"line":82,"column":0},"end":{"line":82,"column":45}},"82":{"start":{"line":83,"column":0},"end":{"line":83,"column":3}},"83":{"start":{"line":84,"column":0},"end":{"line":84,"column":41}},"84":{"start":{"line":85,"column":0},"end":{"line":85,"column":0}},"85":{"start":{"line":86,"column":0},"end":{"line":86,"column":3}},"86":{"start":{"line":87,"column":0},"end":{"line":87,"column":48}},"87":{"start":{"line":88,"column":0},"end":{"line":88,"column":21}},"88":{"start":{"line":89,"column":0},"end":{"line":89,"column":3}},"89":{"start":{"line":90,"column":0},"end":{"line":90,"column":18}},"90":{"start":{"line":91,"column":0},"end":{"line":91,"column":38}},"91":{"start":{"line":92,"column":0},"end":{"line":92,"column":13}},"92":{"start":{"line":93,"column":0},"end":{"line":93,"column":12}},"93":{"start":{"line":94,"column":0},"end":{"line":94,"column":16}},"94":{"start":{"line":95,"column":0},"end":{"line":95,"column":14}},"95":{"start":{"line":96,"column":0},"end":{"line":96,"column":12}},"96":{"start":{"line":97,"column":0},"end":{"line":97,"column":30}},"97":{"start":{"line":98,"column":0},"end":{"line":98,"column":16}},"98":{"start":{"line":99,"column":0},"end":{"line":99,"column":2}},"99":{"start":{"line":100,"column":0},"end":{"line":100,"column":0}},"100":{"start":{"line":101,"column":0},"end":{"line":101,"column":17}},"101":{"start":{"line":102,"column":0},"end":{"line":102,"column":3}},"102":{"start":{"line":103,"column":0},"end":{"line":103,"column":48}},"103":{"start":{"line":104,"column":0},"end":{"line":104,"column":22}},"104":{"start":{"line":105,"column":0},"end":{"line":105,"column":3}},"105":{"start":{"line":106,"column":0},"end":{"line":106,"column":28}},"106":{"start":{"line":107,"column":0},"end":{"line":107,"column":0}},"107":{"start":{"line":108,"column":0},"end":{"line":108,"column":3}},"108":{"start":{"line":109,"column":0},"end":{"line":109,"column":48}},"109":{"start":{"line":110,"column":0},"end":{"line":110,"column":26}},"110":{"start":{"line":111,"column":0},"end":{"line":111,"column":3}},"111":{"start":{"line":112,"column":0},"end":{"line":112,"column":32}},"112":{"start":{"line":113,"column":0},"end":{"line":113,"column":0}},"113":{"start":{"line":114,"column":0},"end":{"line":114,"column":3}},"114":{"start":{"line":115,"column":0},"end":{"line":115,"column":57}},"115":{"start":{"line":116,"column":0},"end":{"line":116,"column":3}},"116":{"start":{"line":117,"column":0},"end":{"line":117,"column":35}},"117":{"start":{"line":118,"column":0},"end":{"line":118,"column":29}},"118":{"start":{"line":119,"column":0},"end":{"line":119,"column":30}},"119":{"start":{"line":120,"column":0},"end":{"line":120,"column":39}},"120":{"start":{"line":121,"column":0},"end":{"line":121,"column":28}},"121":{"start":{"line":122,"column":0},"end":{"line":122,"column":3}},"122":{"start":{"line":123,"column":0},"end":{"line":123,"column":3}},"123":{"start":{"line":124,"column":0},"end":{"line":124,"column":31}},"124":{"start":{"line":125,"column":0},"end":{"line":125,"column":31}},"125":{"start":{"line":126,"column":0},"end":{"line":126,"column":40}},"126":{"start":{"line":127,"column":0},"end":{"line":127,"column":4}},"127":{"start":{"line":128,"column":0},"end":{"line":128,"column":32}},"128":{"start":{"line":129,"column":0},"end":{"line":129,"column":40}},"129":{"start":{"line":130,"column":0},"end":{"line":130,"column":4}},"130":{"start":{"line":131,"column":0},"end":{"line":131,"column":0}},"131":{"start":{"line":132,"column":0},"end":{"line":132,"column":24}},"132":{"start":{"line":133,"column":0},"end":{"line":133,"column":2}},"133":{"start":{"line":134,"column":0},"end":{"line":134,"column":0}},"134":{"start":{"line":135,"column":0},"end":{"line":135,"column":3}},"135":{"start":{"line":136,"column":0},"end":{"line":136,"column":31}},"136":{"start":{"line":137,"column":0},"end":{"line":137,"column":33}},"137":{"start":{"line":138,"column":0},"end":{"line":138,"column":71}},"138":{"start":{"line":139,"column":0},"end":{"line":139,"column":81}},"139":{"start":{"line":140,"column":0},"end":{"line":140,"column":98}},"140":{"start":{"line":141,"column":0},"end":{"line":141,"column":65}},"141":{"start":{"line":142,"column":0},"end":{"line":142,"column":75}},"142":{"start":{"line":143,"column":0},"end":{"line":143,"column":68}},"143":{"start":{"line":144,"column":0},"end":{"line":144,"column":71}},"144":{"start":{"line":145,"column":0},"end":{"line":145,"column":89}},"145":{"start":{"line":146,"column":0},"end":{"line":146,"column":85}},"146":{"start":{"line":147,"column":0},"end":{"line":147,"column":92}},"147":{"start":{"line":148,"column":0},"end":{"line":148,"column":68}},"148":{"start":{"line":149,"column":0},"end":{"line":149,"column":58}},"149":{"start":{"line":150,"column":0},"end":{"line":150,"column":3}},"150":{"start":{"line":151,"column":0},"end":{"line":151,"column":0}},"151":{"start":{"line":152,"column":0},"end":{"line":152,"column":3}},"152":{"start":{"line":153,"column":0},"end":{"line":153,"column":29}},"153":{"start":{"line":154,"column":0},"end":{"line":154,"column":63}},"154":{"start":{"line":155,"column":0},"end":{"line":155,"column":70}},"155":{"start":{"line":156,"column":0},"end":{"line":156,"column":3}},"156":{"start":{"line":157,"column":0},"end":{"line":157,"column":19}},"157":{"start":{"line":158,"column":0},"end":{"line":158,"column":56}},"158":{"start":{"line":159,"column":0},"end":{"line":159,"column":15}},"159":{"start":{"line":160,"column":0},"end":{"line":160,"column":16}},"160":{"start":{"line":161,"column":0},"end":{"line":161,"column":20}},"161":{"start":{"line":162,"column":0},"end":{"line":162,"column":15}},"162":{"start":{"line":163,"column":0},"end":{"line":163,"column":19}},"163":{"start":{"line":164,"column":0},"end":{"line":164,"column":20}},"164":{"start":{"line":165,"column":0},"end":{"line":165,"column":29}},"165":{"start":{"line":166,"column":0},"end":{"line":166,"column":3}},"166":{"start":{"line":167,"column":0},"end":{"line":167,"column":30}},"167":{"start":{"line":168,"column":0},"end":{"line":168,"column":19}},"168":{"start":{"line":169,"column":0},"end":{"line":169,"column":12}},"169":{"start":{"line":170,"column":0},"end":{"line":170,"column":56}},"170":{"start":{"line":171,"column":0},"end":{"line":171,"column":58}},"171":{"start":{"line":172,"column":0},"end":{"line":172,"column":73}},"172":{"start":{"line":173,"column":0},"end":{"line":173,"column":62}},"173":{"start":{"line":174,"column":0},"end":{"line":174,"column":5}},"174":{"start":{"line":175,"column":0},"end":{"line":175,"column":32}},"175":{"start":{"line":176,"column":0},"end":{"line":176,"column":50}},"176":{"start":{"line":177,"column":0},"end":{"line":177,"column":2}},"177":{"start":{"line":178,"column":0},"end":{"line":178,"column":68}},"178":{"start":{"line":179,"column":0},"end":{"line":179,"column":50}},"179":{"start":{"line":180,"column":0},"end":{"line":180,"column":55}},"180":{"start":{"line":181,"column":0},"end":{"line":181,"column":67}},"181":{"start":{"line":182,"column":0},"end":{"line":182,"column":59}},"182":{"start":{"line":183,"column":0},"end":{"line":183,"column":26}},"183":{"start":{"line":184,"column":0},"end":{"line":184,"column":30}},"184":{"start":{"line":185,"column":0},"end":{"line":185,"column":77}},"185":{"start":{"line":186,"column":0},"end":{"line":186,"column":49}},"186":{"start":{"line":187,"column":0},"end":{"line":187,"column":63}},"187":{"start":{"line":188,"column":0},"end":{"line":188,"column":66}},"188":{"start":{"line":189,"column":0},"end":{"line":189,"column":59}},"189":{"start":{"line":190,"column":0},"end":{"line":190,"column":26}},"190":{"start":{"line":191,"column":0},"end":{"line":191,"column":7}},"191":{"start":{"line":192,"column":0},"end":{"line":192,"column":29}},"192":{"start":{"line":193,"column":0},"end":{"line":193,"column":48}},"193":{"start":{"line":194,"column":0},"end":{"line":194,"column":29}},"194":{"start":{"line":195,"column":0},"end":{"line":195,"column":4}},"195":{"start":{"line":196,"column":0},"end":{"line":196,"column":61}},"196":{"start":{"line":197,"column":0},"end":{"line":197,"column":7}},"197":{"start":{"line":198,"column":0},"end":{"line":198,"column":30}},"198":{"start":{"line":199,"column":0},"end":{"line":199,"column":49}},"199":{"start":{"line":200,"column":0},"end":{"line":200,"column":30}},"200":{"start":{"line":201,"column":0},"end":{"line":201,"column":4}},"201":{"start":{"line":202,"column":0},"end":{"line":202,"column":62}},"202":{"start":{"line":203,"column":0},"end":{"line":203,"column":7}},"203":{"start":{"line":204,"column":0},"end":{"line":204,"column":39}},"204":{"start":{"line":205,"column":0},"end":{"line":205,"column":55}},"205":{"start":{"line":206,"column":0},"end":{"line":206,"column":4}},"206":{"start":{"line":207,"column":0},"end":{"line":207,"column":68}},"207":{"start":{"line":208,"column":0},"end":{"line":208,"column":66}},"208":{"start":{"line":209,"column":0},"end":{"line":209,"column":20}},"209":{"start":{"line":210,"column":0},"end":{"line":210,"column":87}},"210":{"start":{"line":211,"column":0},"end":{"line":211,"column":57}},"211":{"start":{"line":212,"column":0},"end":{"line":212,"column":6}},"212":{"start":{"line":213,"column":0},"end":{"line":213,"column":3}},"213":{"start":{"line":214,"column":0},"end":{"line":214,"column":2}},"214":{"start":{"line":215,"column":0},"end":{"line":215,"column":67}},"215":{"start":{"line":216,"column":0},"end":{"line":216,"column":34}},"216":{"start":{"line":217,"column":0},"end":{"line":217,"column":48}},"217":{"start":{"line":218,"column":0},"end":{"line":218,"column":36}},"218":{"start":{"line":219,"column":0},"end":{"line":219,"column":18}},"219":{"start":{"line":220,"column":0},"end":{"line":220,"column":90}},"220":{"start":{"line":221,"column":0},"end":{"line":221,"column":4}},"221":{"start":{"line":222,"column":0},"end":{"line":222,"column":0}},"222":{"start":{"line":223,"column":0},"end":{"line":223,"column":18}},"223":{"start":{"line":224,"column":0},"end":{"line":224,"column":24}},"224":{"start":{"line":225,"column":0},"end":{"line":225,"column":23}},"225":{"start":{"line":226,"column":0},"end":{"line":226,"column":24}},"226":{"start":{"line":227,"column":0},"end":{"line":227,"column":31}},"227":{"start":{"line":228,"column":0},"end":{"line":228,"column":23}},"228":{"start":{"line":229,"column":0},"end":{"line":229,"column":66}},"229":{"start":{"line":230,"column":0},"end":{"line":230,"column":0}},"230":{"start":{"line":231,"column":0},"end":{"line":231,"column":26}},"231":{"start":{"line":232,"column":0},"end":{"line":232,"column":48}},"232":{"start":{"line":233,"column":0},"end":{"line":233,"column":42}},"233":{"start":{"line":234,"column":0},"end":{"line":234,"column":7}},"234":{"start":{"line":235,"column":0},"end":{"line":235,"column":38}},"235":{"start":{"line":236,"column":0},"end":{"line":236,"column":31}},"236":{"start":{"line":237,"column":0},"end":{"line":237,"column":4}},"237":{"start":{"line":238,"column":0},"end":{"line":238,"column":50}},"238":{"start":{"line":239,"column":0},"end":{"line":239,"column":62}},"239":{"start":{"line":240,"column":0},"end":{"line":240,"column":4}},"240":{"start":{"line":241,"column":0},"end":{"line":241,"column":39}},"241":{"start":{"line":242,"column":0},"end":{"line":242,"column":40}},"242":{"start":{"line":243,"column":0},"end":{"line":243,"column":4}},"243":{"start":{"line":244,"column":0},"end":{"line":244,"column":17}},"244":{"start":{"line":245,"column":0},"end":{"line":245,"column":19}},"245":{"start":{"line":246,"column":0},"end":{"line":246,"column":107}},"246":{"start":{"line":247,"column":0},"end":{"line":247,"column":5}},"247":{"start":{"line":248,"column":0},"end":{"line":248,"column":3}},"248":{"start":{"line":249,"column":0},"end":{"line":249,"column":71}},"249":{"start":{"line":250,"column":0},"end":{"line":250,"column":35}},"250":{"start":{"line":251,"column":0},"end":{"line":251,"column":65}},"251":{"start":{"line":252,"column":0},"end":{"line":252,"column":5}},"252":{"start":{"line":253,"column":0},"end":{"line":253,"column":2}},"253":{"start":{"line":254,"column":0},"end":{"line":254,"column":0}},"254":{"start":{"line":255,"column":0},"end":{"line":255,"column":66}},"255":{"start":{"line":256,"column":0},"end":{"line":256,"column":33}},"256":{"start":{"line":257,"column":0},"end":{"line":257,"column":25}},"257":{"start":{"line":258,"column":0},"end":{"line":258,"column":20}},"258":{"start":{"line":259,"column":0},"end":{"line":259,"column":0}},"259":{"start":{"line":260,"column":0},"end":{"line":260,"column":7}},"260":{"start":{"line":261,"column":0},"end":{"line":261,"column":13}},"261":{"start":{"line":262,"column":0},"end":{"line":262,"column":8}},"262":{"start":{"line":263,"column":0},"end":{"line":263,"column":36}},"263":{"start":{"line":264,"column":0},"end":{"line":264,"column":18}},"264":{"start":{"line":265,"column":0},"end":{"line":265,"column":79}},"265":{"start":{"line":266,"column":0},"end":{"line":266,"column":14}},"266":{"start":{"line":267,"column":0},"end":{"line":267,"column":4}},"267":{"start":{"line":268,"column":0},"end":{"line":268,"column":0}},"268":{"start":{"line":269,"column":0},"end":{"line":269,"column":50}},"269":{"start":{"line":270,"column":0},"end":{"line":270,"column":0}},"270":{"start":{"line":271,"column":0},"end":{"line":271,"column":49}},"271":{"start":{"line":272,"column":0},"end":{"line":272,"column":0}},"272":{"start":{"line":273,"column":0},"end":{"line":273,"column":57}},"273":{"start":{"line":274,"column":0},"end":{"line":274,"column":72}},"274":{"start":{"line":275,"column":0},"end":{"line":275,"column":9}},"275":{"start":{"line":276,"column":0},"end":{"line":276,"column":26}},"276":{"start":{"line":277,"column":0},"end":{"line":277,"column":19}},"277":{"start":{"line":278,"column":0},"end":{"line":278,"column":42}},"278":{"start":{"line":279,"column":0},"end":{"line":279,"column":5}},"279":{"start":{"line":280,"column":0},"end":{"line":280,"column":0}},"280":{"start":{"line":281,"column":0},"end":{"line":281,"column":59}},"281":{"start":{"line":282,"column":0},"end":{"line":282,"column":49}},"282":{"start":{"line":283,"column":0},"end":{"line":283,"column":54}},"283":{"start":{"line":284,"column":0},"end":{"line":284,"column":10}},"284":{"start":{"line":285,"column":0},"end":{"line":285,"column":30}},"285":{"start":{"line":286,"column":0},"end":{"line":286,"column":20}},"286":{"start":{"line":287,"column":0},"end":{"line":287,"column":43}},"287":{"start":{"line":288,"column":0},"end":{"line":288,"column":6}},"288":{"start":{"line":289,"column":0},"end":{"line":289,"column":5}},"289":{"start":{"line":290,"column":0},"end":{"line":290,"column":0}},"290":{"start":{"line":291,"column":0},"end":{"line":291,"column":52}},"291":{"start":{"line":292,"column":0},"end":{"line":292,"column":42}},"292":{"start":{"line":293,"column":0},"end":{"line":293,"column":4}},"293":{"start":{"line":294,"column":0},"end":{"line":294,"column":0}},"294":{"start":{"line":295,"column":0},"end":{"line":295,"column":58}},"295":{"start":{"line":296,"column":0},"end":{"line":296,"column":75}},"296":{"start":{"line":297,"column":0},"end":{"line":297,"column":9}},"297":{"start":{"line":298,"column":0},"end":{"line":298,"column":26}},"298":{"start":{"line":299,"column":0},"end":{"line":299,"column":19}},"299":{"start":{"line":300,"column":0},"end":{"line":300,"column":42}},"300":{"start":{"line":301,"column":0},"end":{"line":301,"column":5}},"301":{"start":{"line":302,"column":0},"end":{"line":302,"column":0}},"302":{"start":{"line":303,"column":0},"end":{"line":303,"column":59}},"303":{"start":{"line":304,"column":0},"end":{"line":304,"column":52}},"304":{"start":{"line":305,"column":0},"end":{"line":305,"column":57}},"305":{"start":{"line":306,"column":0},"end":{"line":306,"column":10}},"306":{"start":{"line":307,"column":0},"end":{"line":307,"column":30}},"307":{"start":{"line":308,"column":0},"end":{"line":308,"column":20}},"308":{"start":{"line":309,"column":0},"end":{"line":309,"column":43}},"309":{"start":{"line":310,"column":0},"end":{"line":310,"column":6}},"310":{"start":{"line":311,"column":0},"end":{"line":311,"column":5}},"311":{"start":{"line":312,"column":0},"end":{"line":312,"column":0}},"312":{"start":{"line":313,"column":0},"end":{"line":313,"column":59}},"313":{"start":{"line":314,"column":0},"end":{"line":314,"column":55}},"314":{"start":{"line":315,"column":0},"end":{"line":315,"column":51}},"315":{"start":{"line":316,"column":0},"end":{"line":316,"column":54}},"316":{"start":{"line":317,"column":0},"end":{"line":317,"column":4}},"317":{"start":{"line":318,"column":0},"end":{"line":318,"column":0}},"318":{"start":{"line":319,"column":0},"end":{"line":319,"column":20}},"319":{"start":{"line":320,"column":0},"end":{"line":320,"column":44}},"320":{"start":{"line":321,"column":0},"end":{"line":321,"column":72}},"321":{"start":{"line":322,"column":0},"end":{"line":322,"column":36}},"322":{"start":{"line":323,"column":0},"end":{"line":323,"column":18}},"323":{"start":{"line":324,"column":0},"end":{"line":324,"column":62}},"324":{"start":{"line":325,"column":0},"end":{"line":325,"column":9}},"325":{"start":{"line":326,"column":0},"end":{"line":326,"column":6}},"326":{"start":{"line":327,"column":0},"end":{"line":327,"column":6}},"327":{"start":{"line":328,"column":0},"end":{"line":328,"column":17}},"328":{"start":{"line":329,"column":0},"end":{"line":329,"column":70}},"329":{"start":{"line":330,"column":0},"end":{"line":330,"column":13}},"330":{"start":{"line":331,"column":0},"end":{"line":331,"column":22}},"331":{"start":{"line":332,"column":0},"end":{"line":332,"column":23}},"332":{"start":{"line":333,"column":0},"end":{"line":333,"column":3}},"333":{"start":{"line":334,"column":0},"end":{"line":334,"column":3}},"334":{"start":{"line":335,"column":0},"end":{"line":335,"column":0}},"335":{"start":{"line":336,"column":0},"end":{"line":336,"column":25}},"336":{"start":{"line":337,"column":0},"end":{"line":337,"column":40}},"337":{"start":{"line":338,"column":0},"end":{"line":338,"column":32}},"338":{"start":{"line":339,"column":0},"end":{"line":339,"column":27}},"339":{"start":{"line":340,"column":0},"end":{"line":340,"column":0}},"340":{"start":{"line":341,"column":0},"end":{"line":341,"column":33}},"341":{"start":{"line":342,"column":0},"end":{"line":342,"column":59}},"342":{"start":{"line":343,"column":0},"end":{"line":343,"column":8}},"343":{"start":{"line":344,"column":0},"end":{"line":344,"column":50}},"344":{"start":{"line":345,"column":0},"end":{"line":345,"column":18}},"345":{"start":{"line":346,"column":0},"end":{"line":346,"column":68}},"346":{"start":{"line":347,"column":0},"end":{"line":347,"column":7}},"347":{"start":{"line":348,"column":0},"end":{"line":348,"column":49}},"348":{"start":{"line":349,"column":0},"end":{"line":349,"column":12}},"349":{"start":{"line":350,"column":0},"end":{"line":350,"column":5}},"350":{"start":{"line":351,"column":0},"end":{"line":351,"column":46}},"351":{"start":{"line":352,"column":0},"end":{"line":352,"column":47}},"352":{"start":{"line":353,"column":0},"end":{"line":353,"column":15}},"353":{"start":{"line":354,"column":0},"end":{"line":354,"column":73}},"354":{"start":{"line":355,"column":0},"end":{"line":355,"column":25}},"355":{"start":{"line":356,"column":0},"end":{"line":356,"column":6}},"356":{"start":{"line":357,"column":0},"end":{"line":357,"column":15}},"357":{"start":{"line":358,"column":0},"end":{"line":358,"column":7}},"358":{"start":{"line":359,"column":0},"end":{"line":359,"column":18}},"359":{"start":{"line":360,"column":0},"end":{"line":360,"column":18}},"360":{"start":{"line":361,"column":0},"end":{"line":361,"column":60}},"361":{"start":{"line":362,"column":0},"end":{"line":362,"column":9}},"362":{"start":{"line":363,"column":0},"end":{"line":363,"column":6}},"363":{"start":{"line":364,"column":0},"end":{"line":364,"column":16}},"364":{"start":{"line":365,"column":0},"end":{"line":365,"column":4}},"365":{"start":{"line":366,"column":0},"end":{"line":366,"column":3}},"366":{"start":{"line":367,"column":0},"end":{"line":367,"column":0}},"367":{"start":{"line":368,"column":0},"end":{"line":368,"column":28}},"368":{"start":{"line":369,"column":0},"end":{"line":369,"column":3}},"369":{"start":{"line":370,"column":0},"end":{"line":370,"column":0}},"370":{"start":{"line":371,"column":0},"end":{"line":371,"column":15}},"371":{"start":{"line":372,"column":0},"end":{"line":372,"column":35}},"372":{"start":{"line":373,"column":0},"end":{"line":373,"column":20}},"373":{"start":{"line":374,"column":0},"end":{"line":374,"column":16}},"374":{"start":{"line":375,"column":0},"end":{"line":375,"column":82}},"375":{"start":{"line":376,"column":0},"end":{"line":376,"column":5}},"376":{"start":{"line":377,"column":0},"end":{"line":377,"column":62}},"377":{"start":{"line":378,"column":0},"end":{"line":378,"column":3}},"378":{"start":{"line":379,"column":0},"end":{"line":379,"column":0}},"379":{"start":{"line":380,"column":0},"end":{"line":380,"column":44}},"380":{"start":{"line":381,"column":0},"end":{"line":381,"column":25}},"381":{"start":{"line":382,"column":0},"end":{"line":382,"column":59}},"382":{"start":{"line":383,"column":0},"end":{"line":383,"column":5}},"383":{"start":{"line":384,"column":0},"end":{"line":384,"column":3}},"384":{"start":{"line":385,"column":0},"end":{"line":385,"column":0}},"385":{"start":{"line":386,"column":0},"end":{"line":386,"column":43}},"386":{"start":{"line":387,"column":0},"end":{"line":387,"column":49}},"387":{"start":{"line":388,"column":0},"end":{"line":388,"column":23}},"388":{"start":{"line":389,"column":0},"end":{"line":389,"column":5}},"389":{"start":{"line":390,"column":0},"end":{"line":390,"column":3}},"390":{"start":{"line":391,"column":0},"end":{"line":391,"column":0}},"391":{"start":{"line":392,"column":0},"end":{"line":392,"column":43}},"392":{"start":{"line":393,"column":0},"end":{"line":393,"column":53}},"393":{"start":{"line":394,"column":0},"end":{"line":394,"column":44}},"394":{"start":{"line":395,"column":0},"end":{"line":395,"column":0}},"395":{"start":{"line":396,"column":0},"end":{"line":396,"column":63}},"396":{"start":{"line":397,"column":0},"end":{"line":397,"column":0}},"397":{"start":{"line":398,"column":0},"end":{"line":398,"column":30}},"398":{"start":{"line":399,"column":0},"end":{"line":399,"column":52}},"399":{"start":{"line":400,"column":0},"end":{"line":400,"column":35}},"400":{"start":{"line":401,"column":0},"end":{"line":401,"column":34}},"401":{"start":{"line":402,"column":0},"end":{"line":402,"column":30}},"402":{"start":{"line":403,"column":0},"end":{"line":403,"column":3}},"403":{"start":{"line":404,"column":0},"end":{"line":404,"column":0}},"404":{"start":{"line":405,"column":0},"end":{"line":405,"column":27}},"405":{"start":{"line":406,"column":0},"end":{"line":406,"column":32}},"406":{"start":{"line":407,"column":0},"end":{"line":407,"column":3}},"407":{"start":{"line":408,"column":0},"end":{"line":408,"column":3}},"408":{"start":{"line":409,"column":0},"end":{"line":409,"column":0}},"409":{"start":{"line":410,"column":0},"end":{"line":410,"column":4}},"410":{"start":{"line":411,"column":0},"end":{"line":411,"column":60}},"411":{"start":{"line":412,"column":0},"end":{"line":412,"column":3}},"412":{"start":{"line":413,"column":0},"end":{"line":413,"column":36}},"413":{"start":{"line":414,"column":0},"end":{"line":414,"column":59}},"414":{"start":{"line":415,"column":0},"end":{"line":415,"column":59}},"415":{"start":{"line":416,"column":0},"end":{"line":416,"column":58}},"416":{"start":{"line":417,"column":0},"end":{"line":417,"column":63}},"417":{"start":{"line":418,"column":0},"end":{"line":418,"column":60}},"418":{"start":{"line":419,"column":0},"end":{"line":419,"column":60}},"419":{"start":{"line":420,"column":0},"end":{"line":420,"column":59}},"420":{"start":{"line":421,"column":0},"end":{"line":421,"column":71}},"421":{"start":{"line":422,"column":0},"end":{"line":422,"column":75}},"422":{"start":{"line":423,"column":0},"end":{"line":423,"column":4}},"423":{"start":{"line":424,"column":0},"end":{"line":424,"column":25}},"424":{"start":{"line":425,"column":0},"end":{"line":425,"column":36}},"425":{"start":{"line":426,"column":0},"end":{"line":426,"column":36}},"426":{"start":{"line":427,"column":0},"end":{"line":427,"column":34}},"427":{"start":{"line":428,"column":0},"end":{"line":428,"column":40}},"428":{"start":{"line":429,"column":0},"end":{"line":429,"column":34}},"429":{"start":{"line":430,"column":0},"end":{"line":430,"column":36}},"430":{"start":{"line":431,"column":0},"end":{"line":431,"column":36}},"431":{"start":{"line":432,"column":0},"end":{"line":432,"column":22}},"432":{"start":{"line":433,"column":0},"end":{"line":433,"column":54}},"433":{"start":{"line":434,"column":0},"end":{"line":434,"column":0}},"434":{"start":{"line":435,"column":0},"end":{"line":435,"column":41}},"435":{"start":{"line":436,"column":0},"end":{"line":436,"column":25}},"436":{"start":{"line":437,"column":0},"end":{"line":437,"column":0}},"437":{"start":{"line":438,"column":0},"end":{"line":438,"column":28}},"438":{"start":{"line":439,"column":0},"end":{"line":439,"column":46}},"439":{"start":{"line":440,"column":0},"end":{"line":440,"column":10}},"440":{"start":{"line":441,"column":0},"end":{"line":441,"column":40}},"441":{"start":{"line":442,"column":0},"end":{"line":442,"column":20}},"442":{"start":{"line":443,"column":0},"end":{"line":443,"column":65}},"443":{"start":{"line":444,"column":0},"end":{"line":444,"column":6}},"444":{"start":{"line":445,"column":0},"end":{"line":445,"column":7}},"445":{"start":{"line":446,"column":0},"end":{"line":446,"column":5}},"446":{"start":{"line":447,"column":0},"end":{"line":447,"column":0}},"447":{"start":{"line":448,"column":0},"end":{"line":448,"column":20}},"448":{"start":{"line":449,"column":0},"end":{"line":449,"column":57}},"449":{"start":{"line":450,"column":0},"end":{"line":450,"column":15}},"450":{"start":{"line":451,"column":0},"end":{"line":451,"column":6}},"451":{"start":{"line":452,"column":0},"end":{"line":452,"column":4}},"452":{"start":{"line":453,"column":0},"end":{"line":453,"column":24}},"453":{"start":{"line":454,"column":0},"end":{"line":454,"column":32}},"454":{"start":{"line":455,"column":0},"end":{"line":455,"column":20}},"455":{"start":{"line":456,"column":0},"end":{"line":456,"column":21}},"456":{"start":{"line":457,"column":0},"end":{"line":457,"column":22}},"457":{"start":{"line":458,"column":0},"end":{"line":458,"column":4}},"458":{"start":{"line":459,"column":0},"end":{"line":459,"column":40}},"459":{"start":{"line":460,"column":0},"end":{"line":460,"column":4}},"460":{"start":{"line":461,"column":0},"end":{"line":461,"column":3}},"461":{"start":{"line":462,"column":0},"end":{"line":462,"column":0}},"462":{"start":{"line":463,"column":0},"end":{"line":463,"column":35}},"463":{"start":{"line":464,"column":0},"end":{"line":464,"column":23}},"464":{"start":{"line":465,"column":0},"end":{"line":465,"column":0}},"465":{"start":{"line":466,"column":0},"end":{"line":466,"column":23}},"466":{"start":{"line":467,"column":0},"end":{"line":467,"column":2}},"467":{"start":{"line":468,"column":0},"end":{"line":468,"column":0}},"468":{"start":{"line":469,"column":0},"end":{"line":469,"column":24}}},"s":{"0":1,"1":1,"2":1,"3":1,"4":1,"5":1,"6":1,"7":1,"17":1,"18":1,"19":1,"20":1,"21":1,"28":1,"29":1,"30":1,"31":1,"32":1,"33":1,"34":1,"35":1,"36":1,"37":1200,"38":1200,"39":1,"40":1200,"41":1,"42":1,"43":1,"44":1,"45":1,"46":1200,"47":1198,"48":1200,"49":1200,"50":1,"51":1,"52":1,"53":1,"54":1,"55":1,"56":1,"57":1,"58":1,"59":1,"60":1,"61":1,"62":1,"63":1,"64":1,"65":1,"66":1,"67":1,"68":1,"69":1,"70":1,"71":1,"72":1,"73":1,"74":1,"75":1,"76":1,"77":1,"78":1,"79":1,"80":1,"81":1,"82":1,"83":1,"84":1,"85":1,"86":1,"87":1,"88":1,"89":1,"90":1,"91":1,"92":1,"93":1,"94":1,"95":1,"96":1,"97":1,"98":1,"99":1,"100":1,"101":1,"102":1,"103":1,"104":1,"105":1,"106":1,"107":1,"108":1,"109":1,"110":1,"111":1,"112":1,"113":1,"114":1,"115":1,"116":1,"117":19,"118":1,"119":0,"120":0,"121":0,"122":1,"123":1,"124":1,"125":0,"126":1,"127":1,"128":0,"129":1,"130":1,"131":1,"132":1,"133":1,"134":1,"135":1,"136":1,"137":1,"138":1,"139":1,"140":1,"141":1,"142":1,"143":1,"144":1,"145":1,"146":1,"147":1,"148":1,"149":1,"150":1,"151":1,"152":1,"153":1,"154":1,"155":1,"156":1,"157":19,"158":19,"159":19,"160":19,"161":19,"162":19,"163":19,"164":19,"165":19,"166":19,"167":19,"168":19,"169":19,"170":19,"171":19,"172":19,"173":19,"174":19,"175":1,"176":19,"177":19,"178":19,"179":19,"180":19,"181":19,"182":19,"183":12,"184":12,"185":12,"186":12,"187":12,"188":12,"189":12,"190":5,"191":5,"192":5,"193":5,"194":5,"195":5,"196":5,"197":5,"198":5,"199":5,"200":5,"201":5,"202":5,"203":5,"204":5,"205":5,"206":5,"207":5,"208":5,"209":0,"210":0,"211":0,"212":5,"213":12,"214":19,"215":19,"216":19,"217":19,"218":19,"219":0,"220":0,"221":19,"222":19,"223":19,"224":19,"225":19,"226":19,"227":19,"228":19,"229":19,"230":19,"231":12,"232":12,"233":12,"234":12,"235":11,"236":11,"237":12,"238":0,"239":0,"240":12,"241":11,"242":11,"243":12,"244":0,"245":0,"246":0,"247":0,"248":12,"249":12,"250":0,"251":12,"252":12,"253":19,"254":19,"255":19,"256":170,"257":170,"258":170,"259":170,"260":170,"261":170,"262":170,"263":170,"264":0,"265":0,"266":0,"267":170,"268":170,"269":61,"270":61,"271":61,"272":170,"273":3,"274":3,"275":3,"276":3,"277":3,"278":3,"279":3,"280":3,"281":3,"282":3,"283":3,"284":3,"285":3,"286":2,"287":2,"288":3,"289":3,"290":3,"291":3,"292":3,"293":61,"294":170,"295":58,"296":58,"297":58,"298":58,"299":5,"300":5,"301":58,"302":58,"303":58,"304":58,"305":58,"306":58,"307":58,"308":3,"309":3,"310":58,"311":58,"312":58,"313":58,"314":58,"315":58,"316":58,"317":61,"318":61,"319":61,"320":61,"321":61,"322":0,"323":0,"324":0,"325":0,"326":61,"327":170,"328":0,"329":170,"330":170,"331":170,"332":170,"333":19,"334":19,"335":19,"336":19,"337":1390,"338":1073,"339":1073,"340":1390,"341":1189,"342":1189,"343":1189,"344":0,"345":0,"346":0,"347":0,"348":0,"349":0,"350":1189,"351":1189,"352":1189,"353":0,"354":0,"355":0,"356":1189,"357":1189,"358":1189,"359":0,"360":0,"361":0,"362":0,"363":0,"364":0,"365":1189,"366":1073,"367":1073,"368":19,"369":19,"370":19,"371":19,"372":1220,"373":0,"374":0,"375":0,"376":0,"377":0,"378":1220,"379":1220,"380":0,"381":0,"382":0,"383":0,"384":1220,"385":1220,"386":1220,"387":1220,"388":1220,"389":19,"390":19,"391":19,"392":1204,"393":1204,"394":1201,"395":1201,"396":1201,"397":1204,"398":13,"399":13,"400":13,"401":13,"402":13,"403":1201,"404":1204,"405":1189,"406":1158,"407":19,"408":19,"409":19,"410":19,"411":19,"412":19,"413":19,"414":19,"415":19,"416":19,"417":19,"418":19,"419":19,"420":19,"421":19,"422":19,"423":19,"424":19,"425":19,"426":19,"427":19,"428":19,"429":19,"430":19,"431":19,"432":17,"433":1,"434":1,"435":1,"436":1,"437":1,"438":1,"439":31,"440":31,"441":31,"442":0,"443":0,"444":1,"445":1,"446":1,"447":1,"448":1,"449":1,"450":1,"451":19,"452":19,"453":17,"454":17,"455":12,"456":12,"457":12,"458":17,"459":19,"460":19,"461":19,"462":19,"463":19,"464":19,"465":19,"466":19,"467":1,"468":1},"branchMap":{"0":{"type":"branch","line":37,"loc":{"start":{"line":37,"column":25},"end":{"line":50,"column":2}},"locations":[{"start":{"line":37,"column":25},"end":{"line":50,"column":2}}]},"1":{"type":"branch","line":39,"loc":{"start":{"line":39,"column":2},"end":{"line":40,"column":76}},"locations":[{"start":{"line":39,"column":2},"end":{"line":40,"column":76}}]},"2":{"type":"branch","line":41,"loc":{"start":{"line":41,"column":2},"end":{"line":46,"column":4}},"locations":[{"start":{"line":41,"column":2},"end":{"line":46,"column":4}}]},"3":{"type":"branch","line":47,"loc":{"start":{"line":47,"column":2},"end":{"line":48,"column":75}},"locations":[{"start":{"line":47,"column":2},"end":{"line":48,"column":75}}]},"4":{"type":"branch","line":84,"loc":{"start":{"line":84,"column":16},"end":{"line":84,"column":40}},"locations":[{"start":{"line":84,"column":16},"end":{"line":84,"column":40}}]},"5":{"type":"branch","line":117,"loc":{"start":{"line":117,"column":28},"end":{"line":133,"column":2}},"locations":[{"start":{"line":117,"column":28},"end":{"line":133,"column":2}}]},"6":{"type":"branch","line":118,"loc":{"start":{"line":118,"column":22},"end":{"line":118,"column":29}},"locations":[{"start":{"line":118,"column":22},"end":{"line":118,"column":29}}]},"7":{"type":"branch","line":119,"loc":{"start":{"line":119,"column":-2},"end":{"line":133,"column":2}},"locations":[{"start":{"line":119,"column":-2},"end":{"line":133,"column":2}}]},"8":{"type":"branch","line":157,"loc":{"start":{"line":157,"column":17},"end":{"line":467,"column":2}},"locations":[{"start":{"line":157,"column":17},"end":{"line":467,"column":2}}]},"9":{"type":"branch","line":171,"loc":{"start":{"line":171,"column":2},"end":{"line":171,"column":58}},"locations":[{"start":{"line":171,"column":2},"end":{"line":171,"column":58}}]},"10":{"type":"branch","line":172,"loc":{"start":{"line":172,"column":27},"end":{"line":172,"column":72}},"locations":[{"start":{"line":172,"column":27},"end":{"line":172,"column":72}}]},"11":{"type":"branch","line":173,"loc":{"start":{"line":173,"column":2},"end":{"line":173,"column":62}},"locations":[{"start":{"line":173,"column":2},"end":{"line":173,"column":62}}]},"12":{"type":"branch","line":175,"loc":{"start":{"line":175,"column":30},"end":{"line":176,"column":50}},"locations":[{"start":{"line":175,"column":30},"end":{"line":176,"column":50}}]},"13":{"type":"branch","line":178,"loc":{"start":{"line":178,"column":2},"end":{"line":178,"column":68}},"locations":[{"start":{"line":178,"column":2},"end":{"line":178,"column":68}}]},"14":{"type":"branch","line":180,"loc":{"start":{"line":180,"column":2},"end":{"line":180,"column":55}},"locations":[{"start":{"line":180,"column":2},"end":{"line":180,"column":55}}]},"15":{"type":"branch","line":181,"loc":{"start":{"line":181,"column":24},"end":{"line":181,"column":66}},"locations":[{"start":{"line":181,"column":24},"end":{"line":181,"column":66}}]},"16":{"type":"branch","line":182,"loc":{"start":{"line":182,"column":2},"end":{"line":182,"column":59}},"locations":[{"start":{"line":182,"column":2},"end":{"line":182,"column":59}}]},"17":{"type":"branch","line":183,"loc":{"start":{"line":183,"column":25},"end":{"line":214,"column":2}},"locations":[{"start":{"line":183,"column":25},"end":{"line":214,"column":2}}]},"18":{"type":"branch","line":185,"loc":{"start":{"line":185,"column":3},"end":{"line":185,"column":77}},"locations":[{"start":{"line":185,"column":3},"end":{"line":185,"column":77}}]},"19":{"type":"branch","line":187,"loc":{"start":{"line":187,"column":3},"end":{"line":187,"column":63}},"locations":[{"start":{"line":187,"column":3},"end":{"line":187,"column":63}}]},"20":{"type":"branch","line":188,"loc":{"start":{"line":188,"column":24},"end":{"line":188,"column":65}},"locations":[{"start":{"line":188,"column":24},"end":{"line":188,"column":65}}]},"21":{"type":"branch","line":189,"loc":{"start":{"line":189,"column":3},"end":{"line":189,"column":59}},"locations":[{"start":{"line":189,"column":3},"end":{"line":189,"column":59}}]},"22":{"type":"branch","line":190,"loc":{"start":{"line":190,"column":25},"end":{"line":213,"column":3}},"locations":[{"start":{"line":190,"column":25},"end":{"line":213,"column":3}}]},"23":{"type":"branch","line":196,"loc":{"start":{"line":196,"column":4},"end":{"line":196,"column":61}},"locations":[{"start":{"line":196,"column":4},"end":{"line":196,"column":61}}]},"24":{"type":"branch","line":202,"loc":{"start":{"line":202,"column":4},"end":{"line":202,"column":62}},"locations":[{"start":{"line":202,"column":4},"end":{"line":202,"column":62}}]},"25":{"type":"branch","line":207,"loc":{"start":{"line":207,"column":4},"end":{"line":207,"column":68}},"locations":[{"start":{"line":207,"column":4},"end":{"line":207,"column":68}}]},"26":{"type":"branch","line":209,"loc":{"start":{"line":209,"column":4},"end":{"line":212,"column":6}},"locations":[{"start":{"line":209,"column":4},"end":{"line":212,"column":6}}]},"27":{"type":"branch","line":215,"loc":{"start":{"line":215,"column":38},"end":{"line":215,"column":67}},"locations":[{"start":{"line":215,"column":38},"end":{"line":215,"column":67}}]},"28":{"type":"branch","line":217,"loc":{"start":{"line":217,"column":2},"end":{"line":217,"column":48}},"locations":[{"start":{"line":217,"column":2},"end":{"line":217,"column":48}}]},"29":{"type":"branch","line":219,"loc":{"start":{"line":219,"column":2},"end":{"line":221,"column":4}},"locations":[{"start":{"line":219,"column":2},"end":{"line":221,"column":4}}]},"30":{"type":"branch","line":231,"loc":{"start":{"line":231,"column":25},"end":{"line":253,"column":2}},"locations":[{"start":{"line":231,"column":25},"end":{"line":253,"column":2}}]},"31":{"type":"branch","line":235,"loc":{"start":{"line":235,"column":37},"end":{"line":237,"column":4}},"locations":[{"start":{"line":235,"column":37},"end":{"line":237,"column":4}}]},"32":{"type":"branch","line":238,"loc":{"start":{"line":238,"column":49},"end":{"line":240,"column":4}},"locations":[{"start":{"line":238,"column":49},"end":{"line":240,"column":4}}]},"33":{"type":"branch","line":241,"loc":{"start":{"line":241,"column":38},"end":{"line":243,"column":4}},"locations":[{"start":{"line":241,"column":38},"end":{"line":243,"column":4}}]},"34":{"type":"branch","line":244,"loc":{"start":{"line":244,"column":4},"end":{"line":248,"column":3}},"locations":[{"start":{"line":244,"column":4},"end":{"line":248,"column":3}}]},"35":{"type":"branch","line":256,"loc":{"start":{"line":256,"column":20},"end":{"line":334,"column":2}},"locations":[{"start":{"line":256,"column":20},"end":{"line":334,"column":2}}]},"36":{"type":"branch","line":257,"loc":{"start":{"line":257,"column":18},"end":{"line":257,"column":25}},"locations":[{"start":{"line":257,"column":18},"end":{"line":257,"column":25}}]},"37":{"type":"branch","line":264,"loc":{"start":{"line":264,"column":5},"end":{"line":267,"column":4}},"locations":[{"start":{"line":264,"column":5},"end":{"line":267,"column":4}}]},"38":{"type":"branch","line":269,"loc":{"start":{"line":269,"column":43},"end":{"line":269,"column":50}},"locations":[{"start":{"line":269,"column":43},"end":{"line":269,"column":50}}]},"39":{"type":"branch","line":270,"loc":{"start":{"line":270,"column":-2},"end":{"line":273,"column":56}},"locations":[{"start":{"line":270,"column":-2},"end":{"line":273,"column":56}}]},"40":{"type":"branch","line":273,"loc":{"start":{"line":273,"column":56},"end":{"line":293,"column":4}},"locations":[{"start":{"line":273,"column":56},"end":{"line":293,"column":4}}]},"41":{"type":"branch","line":277,"loc":{"start":{"line":277,"column":-2},"end":{"line":277,"column":6}},"locations":[{"start":{"line":277,"column":-2},"end":{"line":277,"column":6}}]},"42":{"type":"branch","line":278,"loc":{"start":{"line":278,"column":32},"end":{"line":278,"column":42}},"locations":[{"start":{"line":278,"column":32},"end":{"line":278,"column":42}}]},"43":{"type":"branch","line":286,"loc":{"start":{"line":286,"column":-2},"end":{"line":286,"column":7}},"locations":[{"start":{"line":286,"column":-2},"end":{"line":286,"column":7}}]},"44":{"type":"branch","line":286,"loc":{"start":{"line":286,"column":7},"end":{"line":288,"column":6}},"locations":[{"start":{"line":286,"column":7},"end":{"line":288,"column":6}}]},"45":{"type":"branch","line":287,"loc":{"start":{"line":287,"column":33},"end":{"line":287,"column":43}},"locations":[{"start":{"line":287,"column":33},"end":{"line":287,"column":43}}]},"46":{"type":"branch","line":293,"loc":{"start":{"line":293,"column":3},"end":{"line":295,"column":57}},"locations":[{"start":{"line":293,"column":3},"end":{"line":295,"column":57}}]},"47":{"type":"branch","line":295,"loc":{"start":{"line":295,"column":57},"end":{"line":317,"column":4}},"locations":[{"start":{"line":295,"column":57},"end":{"line":317,"column":4}}]},"48":{"type":"branch","line":299,"loc":{"start":{"line":299,"column":-2},"end":{"line":299,"column":6}},"locations":[{"start":{"line":299,"column":-2},"end":{"line":299,"column":6}}]},"49":{"type":"branch","line":299,"loc":{"start":{"line":299,"column":6},"end":{"line":301,"column":5}},"locations":[{"start":{"line":299,"column":6},"end":{"line":301,"column":5}}]},"50":{"type":"branch","line":300,"loc":{"start":{"line":300,"column":32},"end":{"line":300,"column":42}},"locations":[{"start":{"line":300,"column":32},"end":{"line":300,"column":42}}]},"51":{"type":"branch","line":308,"loc":{"start":{"line":308,"column":-2},"end":{"line":308,"column":7}},"locations":[{"start":{"line":308,"column":-2},"end":{"line":308,"column":7}}]},"52":{"type":"branch","line":308,"loc":{"start":{"line":308,"column":7},"end":{"line":310,"column":6}},"locations":[{"start":{"line":308,"column":7},"end":{"line":310,"column":6}}]},"53":{"type":"branch","line":309,"loc":{"start":{"line":309,"column":33},"end":{"line":309,"column":43}},"locations":[{"start":{"line":309,"column":33},"end":{"line":309,"column":43}}]},"54":{"type":"branch","line":317,"loc":{"start":{"line":317,"column":3},"end":{"line":328,"column":4}},"locations":[{"start":{"line":317,"column":3},"end":{"line":328,"column":4}}]},"55":{"type":"branch","line":328,"loc":{"start":{"line":328,"column":4},"end":{"line":330,"column":3}},"locations":[{"start":{"line":328,"column":4},"end":{"line":330,"column":3}}]},"56":{"type":"branch","line":330,"loc":{"start":{"line":330,"column":3},"end":{"line":330,"column":4}},"locations":[{"start":{"line":330,"column":3},"end":{"line":330,"column":4}}]},"57":{"type":"branch","line":337,"loc":{"start":{"line":337,"column":27},"end":{"line":369,"column":2}},"locations":[{"start":{"line":337,"column":27},"end":{"line":369,"column":2}}]},"58":{"type":"branch","line":338,"loc":{"start":{"line":338,"column":25},"end":{"line":338,"column":32}},"locations":[{"start":{"line":338,"column":25},"end":{"line":338,"column":32}}]},"59":{"type":"branch","line":339,"loc":{"start":{"line":339,"column":-2},"end":{"line":341,"column":32}},"locations":[{"start":{"line":339,"column":-2},"end":{"line":341,"column":32}}]},"60":{"type":"branch","line":341,"loc":{"start":{"line":341,"column":32},"end":{"line":366,"column":3}},"locations":[{"start":{"line":341,"column":32},"end":{"line":366,"column":3}}]},"61":{"type":"branch","line":344,"loc":{"start":{"line":344,"column":49},"end":{"line":350,"column":5}},"locations":[{"start":{"line":344,"column":49},"end":{"line":350,"column":5}}]},"62":{"type":"branch","line":351,"loc":{"start":{"line":351,"column":27},"end":{"line":351,"column":46}},"locations":[{"start":{"line":351,"column":27},"end":{"line":351,"column":46}}]},"63":{"type":"branch","line":359,"loc":{"start":{"line":359,"column":5},"end":{"line":365,"column":4}},"locations":[{"start":{"line":359,"column":5},"end":{"line":365,"column":4}}]},"64":{"type":"branch","line":366,"loc":{"start":{"line":366,"column":2},"end":{"line":369,"column":2}},"locations":[{"start":{"line":366,"column":2},"end":{"line":369,"column":2}}]},"65":{"type":"branch","line":352,"loc":{"start":{"line":352,"column":37},"end":{"line":358,"column":5}},"locations":[{"start":{"line":352,"column":37},"end":{"line":358,"column":5}}]},"66":{"type":"branch","line":353,"loc":{"start":{"line":353,"column":14},"end":{"line":356,"column":6}},"locations":[{"start":{"line":353,"column":14},"end":{"line":356,"column":6}}]},"67":{"type":"branch","line":372,"loc":{"start":{"line":372,"column":21},"end":{"line":390,"column":2}},"locations":[{"start":{"line":372,"column":21},"end":{"line":390,"column":2}}]},"68":{"type":"branch","line":373,"loc":{"start":{"line":373,"column":19},"end":{"line":378,"column":3}},"locations":[{"start":{"line":373,"column":19},"end":{"line":378,"column":3}}]},"69":{"type":"branch","line":380,"loc":{"start":{"line":380,"column":43},"end":{"line":384,"column":3}},"locations":[{"start":{"line":380,"column":43},"end":{"line":384,"column":3}}]},"70":{"type":"branch","line":386,"loc":{"start":{"line":386,"column":21},"end":{"line":389,"column":3}},"locations":[{"start":{"line":386,"column":21},"end":{"line":389,"column":3}}]},"71":{"type":"branch","line":392,"loc":{"start":{"line":392,"column":13},"end":{"line":408,"column":2}},"locations":[{"start":{"line":392,"column":13},"end":{"line":408,"column":2}}]},"72":{"type":"branch","line":394,"loc":{"start":{"line":394,"column":37},"end":{"line":394,"column":44}},"locations":[{"start":{"line":394,"column":37},"end":{"line":394,"column":44}}]},"73":{"type":"branch","line":395,"loc":{"start":{"line":395,"column":-2},"end":{"line":398,"column":29}},"locations":[{"start":{"line":395,"column":-2},"end":{"line":398,"column":29}}]},"74":{"type":"branch","line":398,"loc":{"start":{"line":398,"column":29},"end":{"line":403,"column":3}},"locations":[{"start":{"line":398,"column":29},"end":{"line":403,"column":3}}]},"75":{"type":"branch","line":400,"loc":{"start":{"line":400,"column":4},"end":{"line":400,"column":35}},"locations":[{"start":{"line":400,"column":4},"end":{"line":400,"column":35}}]},"76":{"type":"branch","line":401,"loc":{"start":{"line":401,"column":4},"end":{"line":401,"column":33}},"locations":[{"start":{"line":401,"column":4},"end":{"line":401,"column":33}}]},"77":{"type":"branch","line":403,"loc":{"start":{"line":403,"column":2},"end":{"line":405,"column":26}},"locations":[{"start":{"line":403,"column":2},"end":{"line":405,"column":26}}]},"78":{"type":"branch","line":405,"loc":{"start":{"line":405,"column":26},"end":{"line":407,"column":3}},"locations":[{"start":{"line":405,"column":26},"end":{"line":407,"column":3}}]},"79":{"type":"branch","line":407,"loc":{"start":{"line":407,"column":-2},"end":{"line":407,"column":3}},"locations":[{"start":{"line":407,"column":-2},"end":{"line":407,"column":3}}]},"80":{"type":"branch","line":425,"loc":{"start":{"line":425,"column":9},"end":{"line":425,"column":35}},"locations":[{"start":{"line":425,"column":9},"end":{"line":425,"column":35}}]},"81":{"type":"branch","line":426,"loc":{"start":{"line":426,"column":9},"end":{"line":426,"column":35}},"locations":[{"start":{"line":426,"column":9},"end":{"line":426,"column":35}}]},"82":{"type":"branch","line":427,"loc":{"start":{"line":427,"column":8},"end":{"line":427,"column":33}},"locations":[{"start":{"line":427,"column":8},"end":{"line":427,"column":33}}]},"83":{"type":"branch","line":429,"loc":{"start":{"line":429,"column":8},"end":{"line":429,"column":33}},"locations":[{"start":{"line":429,"column":8},"end":{"line":429,"column":33}}]},"84":{"type":"branch","line":430,"loc":{"start":{"line":430,"column":9},"end":{"line":430,"column":35}},"locations":[{"start":{"line":430,"column":9},"end":{"line":430,"column":35}}]},"85":{"type":"branch","line":431,"loc":{"start":{"line":431,"column":9},"end":{"line":431,"column":35}},"locations":[{"start":{"line":431,"column":9},"end":{"line":431,"column":35}}]},"86":{"type":"branch","line":432,"loc":{"start":{"line":432,"column":9},"end":{"line":452,"column":3}},"locations":[{"start":{"line":432,"column":9},"end":{"line":452,"column":3}}]},"87":{"type":"branch","line":433,"loc":{"start":{"line":433,"column":19},"end":{"line":433,"column":45}},"locations":[{"start":{"line":433,"column":19},"end":{"line":433,"column":45}}]},"88":{"type":"branch","line":433,"loc":{"start":{"line":433,"column":47},"end":{"line":433,"column":54}},"locations":[{"start":{"line":433,"column":47},"end":{"line":433,"column":54}}]},"89":{"type":"branch","line":434,"loc":{"start":{"line":434,"column":-2},"end":{"line":452,"column":2}},"locations":[{"start":{"line":434,"column":-2},"end":{"line":452,"column":2}}]},"90":{"type":"branch","line":439,"loc":{"start":{"line":439,"column":22},"end":{"line":445,"column":5}},"locations":[{"start":{"line":439,"column":22},"end":{"line":445,"column":5}}]},"91":{"type":"branch","line":442,"loc":{"start":{"line":442,"column":7},"end":{"line":444,"column":6}},"locations":[{"start":{"line":442,"column":7},"end":{"line":444,"column":6}}]},"92":{"type":"branch","line":453,"loc":{"start":{"line":453,"column":11},"end":{"line":460,"column":3}},"locations":[{"start":{"line":453,"column":11},"end":{"line":460,"column":3}}]},"93":{"type":"branch","line":455,"loc":{"start":{"line":455,"column":19},"end":{"line":458,"column":4}},"locations":[{"start":{"line":455,"column":19},"end":{"line":458,"column":4}}]}},"b":{"0":[1200],"1":[1],"2":[1],"3":[1198],"4":[2],"5":[19],"6":[18],"7":[1],"8":[19],"9":[0],"10":[8],"11":[0],"12":[1],"13":[0],"14":[0],"15":[12],"16":[0],"17":[12],"18":[0],"19":[0],"20":[5],"21":[0],"22":[5],"23":[0],"24":[0],"25":[0],"26":[0],"27":[0],"28":[0],"29":[0],"30":[12],"31":[11],"32":[0],"33":[11],"34":[0],"35":[170],"36":[0],"37":[0],"38":[109],"39":[61],"40":[3],"41":[0],"42":[0],"43":[1],"44":[2],"45":[0],"46":[61],"47":[58],"48":[53],"49":[5],"50":[0],"51":[55],"52":[3],"53":[0],"54":[61],"55":[0],"56":[61],"57":[1390],"58":[317],"59":[1073],"60":[1189],"61":[0],"62":[170],"63":[0],"64":[1073],"65":[1189],"66":[0],"67":[1220],"68":[0],"69":[0],"70":[1220],"71":[1204],"72":[3],"73":[1201],"74":[13],"75":[1],"76":[12],"77":[1201],"78":[1189],"79":[1158],"80":[1],"81":[3],"82":[1195],"83":[2],"84":[2],"85":[1],"86":[17],"87":[12],"88":[16],"89":[1],"90":[31],"91":[0],"92":[17],"93":[12]},"fnMap":{"0":{"name":"defaultFormatter","decl":{"start":{"line":37,"column":25},"end":{"line":50,"column":2}},"loc":{"start":{"line":37,"column":25},"end":{"line":50,"column":2}},"line":37},"1":{"name":"compose","decl":{"start":{"line":84,"column":16},"end":{"line":84,"column":40}},"loc":{"start":{"line":84,"column":16},"end":{"line":84,"column":40}},"line":84},"2":{"name":"attachGlobalCleanup","decl":{"start":{"line":117,"column":28},"end":{"line":133,"column":2}},"loc":{"start":{"line":117,"column":28},"end":{"line":133,"column":2}},"line":117},"3":{"name":"cleanup","decl":{"start":{"line":119,"column":17},"end":{"line":123,"column":2}},"loc":{"start":{"line":119,"column":17},"end":{"line":123,"column":2}},"line":119},"4":{"name":"deadslog","decl":{"start":{"line":157,"column":17},"end":{"line":467,"column":2}},"loc":{"start":{"line":157,"column":17},"end":{"line":467,"column":2}},"line":157},"5":{"name":"rotateLogs","decl":{"start":{"line":256,"column":20},"end":{"line":334,"column":2}},"loc":{"start":{"line":256,"column":20},"end":{"line":334,"column":2}},"line":256},"6":{"name":"processWriteQueue","decl":{"start":{"line":337,"column":27},"end":{"line":369,"column":2}},"loc":{"start":{"line":337,"column":27},"end":{"line":369,"column":2}},"line":337},"7":{"name":"writeToFile","decl":{"start":{"line":372,"column":21},"end":{"line":390,"column":2}},"loc":{"start":{"line":372,"column":21},"end":{"line":390,"column":2}},"line":372},"8":{"name":"log","decl":{"start":{"line":392,"column":13},"end":{"line":408,"column":2}},"loc":{"start":{"line":392,"column":13},"end":{"line":408,"column":2}},"line":392},"9":{"name":"trace","decl":{"start":{"line":425,"column":9},"end":{"line":425,"column":35}},"loc":{"start":{"line":425,"column":9},"end":{"line":425,"column":35}},"line":425},"10":{"name":"debug","decl":{"start":{"line":426,"column":9},"end":{"line":426,"column":35}},"loc":{"start":{"line":426,"column":9},"end":{"line":426,"column":35}},"line":426},"11":{"name":"info","decl":{"start":{"line":427,"column":8},"end":{"line":427,"column":33}},"loc":{"start":{"line":427,"column":8},"end":{"line":427,"column":33}},"line":427},"12":{"name":"success","decl":{"start":{"line":428,"column":11},"end":{"line":428,"column":39}},"loc":{"start":{"line":428,"column":11},"end":{"line":428,"column":39}},"line":428},"13":{"name":"warn","decl":{"start":{"line":429,"column":8},"end":{"line":429,"column":33}},"loc":{"start":{"line":429,"column":8},"end":{"line":429,"column":33}},"line":429},"14":{"name":"error","decl":{"start":{"line":430,"column":9},"end":{"line":430,"column":35}},"loc":{"start":{"line":430,"column":9},"end":{"line":430,"column":35}},"line":430},"15":{"name":"fatal","decl":{"start":{"line":431,"column":9},"end":{"line":431,"column":35}},"loc":{"start":{"line":431,"column":9},"end":{"line":431,"column":35}},"line":431},"16":{"name":"flush","decl":{"start":{"line":432,"column":9},"end":{"line":452,"column":3}},"loc":{"start":{"line":432,"column":9},"end":{"line":452,"column":3}},"line":432},"17":{"name":"destroy","decl":{"start":{"line":453,"column":11},"end":{"line":460,"column":3}},"loc":{"start":{"line":453,"column":11},"end":{"line":460,"column":3}},"line":453}},"f":{"0":1200,"1":2,"2":19,"3":0,"4":19,"5":170,"6":1390,"7":1220,"8":1204,"9":1,"10":3,"11":1195,"12":0,"13":2,"14":2,"15":1,"16":17,"17":17}}
,"C:\\Users\\ammar\\source\\repos\\deadslog\\src\\utils\\fileHelpers.js": {"path":"C:\\Users\\ammar\\source\\repos\\deadslog\\src\\utils\\fileHelpers.js","all":false,"statementMap":{"0":{"start":{"line":1,"column":0},"end":{"line":1,"column":8}},"7":{"start":{"line":8,"column":0},"end":{"line":8,"column":17}},"8":{"start":{"line":9,"column":0},"end":{"line":9,"column":0}},"9":{"start":{"line":10,"column":0},"end":{"line":10,"column":74}},"10":{"start":{"line":11,"column":0},"end":{"line":11,"column":36}},"11":{"start":{"line":12,"column":0},"end":{"line":12,"column":7}},"12":{"start":{"line":13,"column":0},"end":{"line":13,"column":38}},"13":{"start":{"line":14,"column":0},"end":{"line":14,"column":16}},"14":{"start":{"line":15,"column":0},"end":{"line":15,"column":17}},"15":{"start":{"line":16,"column":0},"end":{"line":16,"column":40}},"16":{"start":{"line":17,"column":0},"end":{"line":17,"column":36}},"17":{"start":{"line":18,"column":0},"end":{"line":18,"column":73}},"18":{"start":{"line":19,"column":0},"end":{"line":19,"column":3}},"19":{"start":{"line":20,"column":0},"end":{"line":20,"column":2}},"20":{"start":{"line":21,"column":0},"end":{"line":21,"column":2}},"21":{"start":{"line":22,"column":0},"end":{"line":22,"column":0}},"22":{"start":{"line":23,"column":0},"end":{"line":23,"column":72}},"23":{"start":{"line":24,"column":0},"end":{"line":24,"column":36}},"24":{"start":{"line":25,"column":0},"end":{"line":25,"column":7}},"25":{"start":{"line":26,"column":0},"end":{"line":26,"column":36}},"26":{"start":{"line":27,"column":0},"end":{"line":27,"column":16}},"27":{"start":{"line":28,"column":0},"end":{"line":28,"column":17}},"28":{"start":{"line":29,"column":0},"end":{"line":29,"column":40}},"29":{"start":{"line":30,"column":0},"end":{"line":30,"column":36}},"30":{"start":{"line":31,"column":0},"end":{"line":31,"column":73}},"31":{"start":{"line":32,"column":0},"end":{"line":32,"column":3}},"32":{"start":{"line":33,"column":0},"end":{"line":33,"column":2}},"33":{"start":{"line":34,"column":0},"end":{"line":34,"column":2}},"34":{"start":{"line":35,"column":0},"end":{"line":35,"column":0}},"35":{"start":{"line":36,"column":0},"end":{"line":36,"column":68}},"36":{"start":{"line":37,"column":0},"end":{"line":37,"column":36}},"37":{"start":{"line":38,"column":0},"end":{"line":38,"column":7}},"38":{"start":{"line":39,"column":0},"end":{"line":39,"column":39}},"39":{"start":{"line":40,"column":0},"end":{"line":40,"column":10}},"40":{"start":{"line":41,"column":0},"end":{"line":41,"column":17}},"41":{"start":{"line":42,"column":0},"end":{"line":42,"column":36}},"42":{"start":{"line":43,"column":0},"end":{"line":43,"column":42}},"43":{"start":{"line":44,"column":0},"end":{"line":44,"column":73}},"44":{"start":{"line":45,"column":0},"end":{"line":45,"column":3}},"45":{"start":{"line":46,"column":0},"end":{"line":46,"column":2}},"46":{"start":{"line":47,"column":0},"end":{"line":47,"column":2}},"47":{"start":{"line":48,"column":0},"end":{"line":48,"column":0}},"48":{"start":{"line":49,"column":0},"end":{"line":49,"column":76}},"49":{"start":{"line":50,"column":0},"end":{"line":50,"column":36}},"50":{"start":{"line":51,"column":0},"end":{"line":51,"column":7}},"51":{"start":{"line":52,"column":0},"end":{"line":52,"column":43}},"52":{"start":{"line":53,"column":0},"end":{"line":53,"column":19}},"53":{"start":{"line":54,"column":0},"end":{"line":54,"column":17}},"54":{"start":{"line":55,"column":0},"end":{"line":55,"column":36}},"55":{"start":{"line":56,"column":0},"end":{"line":56,"column":73}},"56":{"start":{"line":57,"column":0},"end":{"line":57,"column":3}},"57":{"start":{"line":58,"column":0},"end":{"line":58,"column":2}},"58":{"start":{"line":59,"column":0},"end":{"line":59,"column":2}},"59":{"start":{"line":60,"column":0},"end":{"line":60,"column":0}},"60":{"start":{"line":61,"column":0},"end":{"line":61,"column":35}},"61":{"start":{"line":62,"column":0},"end":{"line":62,"column":10}},"62":{"start":{"line":63,"column":0},"end":{"line":63,"column":14}},"63":{"start":{"line":64,"column":0},"end":{"line":64,"column":13}},"64":{"start":{"line":65,"column":0},"end":{"line":65,"column":15}},"65":{"start":{"line":66,"column":0},"end":{"line":66,"column":6}},"66":{"start":{"line":67,"column":0},"end":{"line":67,"column":36}},"67":{"start":{"line":68,"column":0},"end":{"line":68,"column":7}},"68":{"start":{"line":69,"column":0},"end":{"line":69,"column":36}},"69":{"start":{"line":70,"column":0},"end":{"line":70,"column":10}},"70":{"start":{"line":71,"column":0},"end":{"line":71,"column":17}},"71":{"start":{"line":72,"column":0},"end":{"line":72,"column":36}},"72":{"start":{"line":73,"column":0},"end":{"line":73,"column":73}},"73":{"start":{"line":74,"column":0},"end":{"line":74,"column":3}},"74":{"start":{"line":75,"column":0},"end":{"line":75,"column":2}},"75":{"start":{"line":76,"column":0},"end":{"line":76,"column":2}},"76":{"start":{"line":77,"column":0},"end":{"line":77,"column":0}},"77":{"start":{"line":78,"column":0},"end":{"line":78,"column":43}},"78":{"start":{"line":79,"column":0},"end":{"line":79,"column":10}},"79":{"start":{"line":80,"column":0},"end":{"line":80,"column":6}},"80":{"start":{"line":81,"column":0},"end":{"line":81,"column":13}},"81":{"start":{"line":82,"column":0},"end":{"line":82,"column":15}},"82":{"start":{"line":83,"column":0},"end":{"line":83,"column":6}},"83":{"start":{"line":84,"column":0},"end":{"line":84,"column":36}},"84":{"start":{"line":85,"column":0},"end":{"line":85,"column":7}},"85":{"start":{"line":86,"column":0},"end":{"line":86,"column":52}},"86":{"start":{"line":87,"column":0},"end":{"line":87,"column":17}},"87":{"start":{"line":88,"column":0},"end":{"line":88,"column":17}},"88":{"start":{"line":89,"column":0},"end":{"line":89,"column":40}},"89":{"start":{"line":90,"column":0},"end":{"line":90,"column":36}},"90":{"start":{"line":91,"column":0},"end":{"line":91,"column":73}},"91":{"start":{"line":92,"column":0},"end":{"line":92,"column":3}},"92":{"start":{"line":93,"column":0},"end":{"line":93,"column":2}},"93":{"start":{"line":94,"column":0},"end":{"line":94,"column":2}}},"s":{"0":1,"7":1,"8":1,"9":1,"10":24,"11":24,"12":24,"13":24,"14":24,"15":0,"16":0,"17":0,"18":0,"19":24,"20":0,"21":1,"22":1,"23":12,"24":12,"25":12,"26":12,"27":12,"28":0,"29":0,"30":0,"31":0,"32":12,"33":0,"34":1,"35":1,"36":11,"37":11,"38":11,"39":11,"40":11,"41":0,"42":0,"43":0,"44":0,"45":11,"46":0,"47":1,"48":1,"49":58,"50":58,"51":58,"52":58,"53":58,"54":0,"55":0,"56":0,"57":58,"58":0,"59":1,"60":1,"61":11,"62":11,"63":11,"64":11,"65":11,"66":11,"67":11,"68":11,"69":11,"70":11,"71":0,"72":0,"73":0,"74":11,"75":0,"76":1,"77":1,"78":74,"79":74,"80":74,"81":74,"82":74,"83":74,"84":74,"85":74,"86":74,"87":74,"88":0,"89":0,"90":0,"91":0,"92":74,"93":0},"branchMap":{"0":{"type":"branch","line":10,"loc":{"start":{"line":10,"column":31},"end":{"line":21,"column":2}},"locations":[{"start":{"line":10,"column":31},"end":{"line":21,"column":2}}]},"1":{"type":"branch","line":15,"loc":{"start":{"line":15,"column":4},"end":{"line":19,"column":3}},"locations":[{"start":{"line":15,"column":4},"end":{"line":19,"column":3}}]},"2":{"type":"branch","line":21,"loc":{"start":{"line":21,"column":-2},"end":{"line":21,"column":2}},"locations":[{"start":{"line":21,"column":-2},"end":{"line":21,"column":2}}]},"3":{"type":"branch","line":23,"loc":{"start":{"line":23,"column":29},"end":{"line":34,"column":2}},"locations":[{"start":{"line":23,"column":29},"end":{"line":34,"column":2}}]},"4":{"type":"branch","line":28,"loc":{"start":{"line":28,"column":4},"end":{"line":32,"column":3}},"locations":[{"start":{"line":28,"column":4},"end":{"line":32,"column":3}}]},"5":{"type":"branch","line":34,"loc":{"start":{"line":34,"column":-2},"end":{"line":34,"column":2}},"locations":[{"start":{"line":34,"column":-2},"end":{"line":34,"column":2}}]},"6":{"type":"branch","line":36,"loc":{"start":{"line":36,"column":30},"end":{"line":47,"column":2}},"locations":[{"start":{"line":36,"column":30},"end":{"line":47,"column":2}}]},"7":{"type":"branch","line":41,"loc":{"start":{"line":41,"column":4},"end":{"line":45,"column":3}},"locations":[{"start":{"line":41,"column":4},"end":{"line":45,"column":3}}]},"8":{"type":"branch","line":47,"loc":{"start":{"line":47,"column":-2},"end":{"line":47,"column":2}},"locations":[{"start":{"line":47,"column":-2},"end":{"line":47,"column":2}}]},"9":{"type":"branch","line":49,"loc":{"start":{"line":49,"column":33},"end":{"line":59,"column":2}},"locations":[{"start":{"line":49,"column":33},"end":{"line":59,"column":2}}]},"10":{"type":"branch","line":54,"loc":{"start":{"line":54,"column":4},"end":{"line":57,"column":3}},"locations":[{"start":{"line":54,"column":4},"end":{"line":57,"column":3}}]},"11":{"type":"branch","line":59,"loc":{"start":{"line":59,"column":-2},"end":{"line":59,"column":2}},"locations":[{"start":{"line":59,"column":-2},"end":{"line":59,"column":2}}]},"12":{"type":"branch","line":61,"loc":{"start":{"line":61,"column":34},"end":{"line":76,"column":2}},"locations":[{"start":{"line":61,"column":34},"end":{"line":76,"column":2}}]},"13":{"type":"branch","line":71,"loc":{"start":{"line":71,"column":4},"end":{"line":74,"column":3}},"locations":[{"start":{"line":71,"column":4},"end":{"line":74,"column":3}}]},"14":{"type":"branch","line":76,"loc":{"start":{"line":76,"column":-2},"end":{"line":76,"column":2}},"locations":[{"start":{"line":76,"column":-2},"end":{"line":76,"column":2}}]},"15":{"type":"branch","line":78,"loc":{"start":{"line":78,"column":42},"end":{"line":94,"column":2}},"locations":[{"start":{"line":78,"column":42},"end":{"line":94,"column":2}}]},"16":{"type":"branch","line":88,"loc":{"start":{"line":88,"column":4},"end":{"line":92,"column":3}},"locations":[{"start":{"line":88,"column":4},"end":{"line":92,"column":3}}]},"17":{"type":"branch","line":94,"loc":{"start":{"line":94,"column":-2},"end":{"line":94,"column":2}},"locations":[{"start":{"line":94,"column":-2},"end":{"line":94,"column":2}}]}},"b":{"0":[24],"1":[0],"2":[0],"3":[12],"4":[0],"5":[0],"6":[11],"7":[0],"8":[0],"9":[58],"10":[0],"11":[0],"12":[11],"13":[0],"14":[0],"15":[74],"16":[0],"17":[0]},"fnMap":{"0":{"name":"existsWithRetry","decl":{"start":{"line":10,"column":31},"end":{"line":21,"column":2}},"loc":{"start":{"line":10,"column":31},"end":{"line":21,"column":2}},"line":10},"1":{"name":"statWithRetry","decl":{"start":{"line":23,"column":29},"end":{"line":34,"column":2}},"loc":{"start":{"line":23,"column":29},"end":{"line":34,"column":2}},"line":23},"2":{"name":"mkdirWithRetry","decl":{"start":{"line":36,"column":30},"end":{"line":47,"column":2}},"loc":{"start":{"line":36,"column":30},"end":{"line":47,"column":2}},"line":36},"3":{"name":"readFileWithRetry","decl":{"start":{"line":49,"column":33},"end":{"line":59,"column":2}},"loc":{"start":{"line":49,"column":33},"end":{"line":59,"column":2}},"line":49},"4":{"name":"writeFileWithRetry","decl":{"start":{"line":61,"column":34},"end":{"line":76,"column":2}},"loc":{"start":{"line":61,"column":34},"end":{"line":76,"column":2}},"line":61},"5":{"name":"createWriteStreamWithRetry","decl":{"start":{"line":78,"column":42},"end":{"line":94,"column":2}},"loc":{"start":{"line":78,"column":42},"end":{"line":94,"column":2}},"line":78}},"f":{"0":24,"1":12,"2":11,"3":58,"4":11,"5":74}}
}
